<?xml version="1.0" encoding="UTF-8"?>
<testng-results skipped="0" failed="0" total="1" passed="1">
  <reporter-output>
  </reporter-output>
  <suite name="Suite" duration-ms="12" started-at="2022-07-19T04:48:51Z" finished-at="2022-07-19T04:48:51Z">
    <groups>
    </groups>
    <test name="Test" duration-ms="12" started-at="2022-07-19T04:48:51Z" finished-at="2022-07-19T04:48:51Z">
      <class name="practice.Practice1Test">
        <test-method status="PASS" signature="practice1Test()[pri:0, instance:practice.Practice1Test@59d016c9]" name="practice1Test" duration-ms="5" started-at="2022-07-19T10:18:51Z" finished-at="2022-07-19T10:18:51Z">
          <reporter-output>
          </reporter-output>
        </test-method> <!-- practice1Test -->
      </class> <!-- practice.Practice1Test -->
    </test> <!-- Test -->
  </suite> <!-- Suite -->
</testng-results>
