<?xml version="1.0" encoding="UTF-8"?>
<testng-results skipped="0" failed="0" total="1" passed="1">
  <reporter-output>
  </reporter-output>
  <suite name="Surefire suite" duration-ms="54" started-at="2022-07-19T09:21:20Z" finished-at="2022-07-19T09:21:20Z">
    <groups>
    </groups>
    <test name="Surefire test" duration-ms="54" started-at="2022-07-19T09:21:20Z" finished-at="2022-07-19T09:21:20Z">
      <class name="practice.Practice1Test">
        <test-method status="PASS" signature="practice1Test()[pri:0, instance:practice.Practice1Test@3bfdc050]" name="practice1Test" duration-ms="45" started-at="2022-07-19T14:51:20Z" finished-at="2022-07-19T14:51:20Z">
          <reporter-output>
          </reporter-output>
        </test-method> <!-- practice1Test -->
      </class> <!-- practice.Practice1Test -->
    </test> <!-- Surefire test -->
  </suite> <!-- Surefire suite -->
</testng-results>
