<?xml version="1.0" encoding="UTF-8"?>
<testng-results ignored="0" total="2" passed="2" failed="0" skipped="0">
  <reporter-output>
  </reporter-output>
  <suite started-at="2022-07-19T09:57:41 IST" name="Default suite" finished-at="2022-07-19T09:57:41 IST" duration-ms="34">
    <groups>
    </groups>
    <test started-at="2022-07-19T09:57:41 IST" name="Default test" finished-at="2022-07-19T09:57:41 IST" duration-ms="34">
      <class name="practice.Practise3Test">
        <test-method signature="test1()[pri:0, instance:practice.Practise3Test@316bcf94]" started-at="2022-07-19T09:57:41 IST" name="test1" finished-at="2022-07-19T09:57:41 IST" duration-ms="6" status="PASS">
          <reporter-output>
          </reporter-output>
        </test-method> <!-- test1 -->
        <test-method signature="test2()[pri:0, instance:practice.Practise3Test@316bcf94]" started-at="2022-07-19T09:57:41 IST" name="test2" finished-at="2022-07-19T09:57:41 IST" duration-ms="1" status="PASS">
          <reporter-output>
          </reporter-output>
        </test-method> <!-- test2 -->
      </class> <!-- practice.Practise3Test -->
    </test> <!-- Default test -->
  </suite> <!-- Default suite -->
</testng-results>
